0 info it worked if it ends with ok
1 verbose cli [ '/usr/local/Cellar/node/0.10.22/bin/node',
1 verbose cli   '/usr/local/bin/npm',
1 verbose cli   'install',
1 verbose cli   'jsexp' ]
2 info using npm@1.3.14
3 info using node@v0.10.22
4 verbose cache add [ 'jsexp', null ]
5 verbose cache add name=undefined spec="jsexp" args=["jsexp",null]
6 verbose parsed url { protocol: null,
6 verbose parsed url   slashes: null,
6 verbose parsed url   auth: null,
6 verbose parsed url   host: null,
6 verbose parsed url   port: null,
6 verbose parsed url   hostname: null,
6 verbose parsed url   hash: null,
6 verbose parsed url   search: null,
6 verbose parsed url   query: null,
6 verbose parsed url   pathname: 'jsexp',
6 verbose parsed url   path: 'jsexp',
6 verbose parsed url   href: 'jsexp' }
7 silly lockFile ed41d2a5-jsexp jsexp
8 verbose lock jsexp /Users/morikensuke/.npm/ed41d2a5-jsexp.lock
9 silly lockFile ed41d2a5-jsexp jsexp
10 silly lockFile ed41d2a5-jsexp jsexp
11 verbose addNamed [ 'jsexp', '' ]
12 verbose addNamed [ null, '*' ]
13 silly lockFile cebf165f-jsexp jsexp@
14 verbose lock jsexp@ /Users/morikensuke/.npm/cebf165f-jsexp.lock
15 silly addNameRange { name: 'jsexp', range: '*', hasData: false }
16 verbose url raw jsexp
17 verbose url resolving [ 'https://registry.npmjs.org/', './jsexp' ]
18 verbose url resolved https://registry.npmjs.org/jsexp
19 info trying registry request attempt 1 at 14:22:56
20 http GET https://registry.npmjs.org/jsexp
21 http 404 https://registry.npmjs.org/jsexp
22 silly registry.get cb [ 404,
22 silly registry.get   { server: 'CouchDB/1.5.0 (Erlang OTP/R15B03)',
22 silly registry.get     date: 'Tue, 03 Dec 2013 05:22:58 GMT',
22 silly registry.get     'content-type': 'application/json',
22 silly registry.get     'content-length': '52',
22 silly registry.get     'cache-control': 'must-revalidate' } ]
23 silly lockFile cebf165f-jsexp jsexp@
24 silly lockFile cebf165f-jsexp jsexp@
25 error 404 'jsexp' is not in the npm registry.
25 error 404 You should bug the author to publish it
25 error 404
25 error 404 Note that you can also install from a
25 error 404 tarball, folder, or http url, or git url.
26 error System Darwin 10.8.0
27 error command "/usr/local/Cellar/node/0.10.22/bin/node" "/usr/local/bin/npm" "install" "jsexp"
28 error cwd /Users/morikensuke/Desktop/repository/Research/PEG_Scala/sandbox
29 error node -v v0.10.22
30 error npm -v 1.3.14
31 error code E404
32 verbose exit [ 1, true ]
